<?xml version="1.0" encoding="UTF-8"?>
<coverage generated="1570730459000" clover="3.2.0">
  <project timestamp="1570730459000" name="All files">
    <metrics statements="13" coveredstatements="13" conditionals="0" coveredconditionals="0" methods="11" coveredmethods="11" elements="24" coveredelements="24" complexity="0" loc="13" ncloc="13" packages="1" files="4" classes="4"/>
    <file name="arrays.js" path="/Users/serguimorejoncardenas/Documents/dev/test-course/platzi-test/arrays.js">
      <metrics statements="4" coveredstatements="4" conditionals="0" coveredconditionals="0" methods="2" coveredmethods="2"/>
      <line num="1" count="1" type="stmt"/>
      <line num="2" count="1" type="stmt"/>
      <line num="4" count="3" type="stmt"/>
      <line num="5" count="1" type="stmt"/>
    </file>
    <file name="math.js" path="/Users/serguimorejoncardenas/Documents/dev/test-course/platzi-test/math.js">
      <metrics statements="4" coveredstatements="4" conditionals="0" coveredconditionals="0" methods="4" coveredmethods="4"/>
      <line num="1" count="1" type="stmt"/>
      <line num="2" count="1" type="stmt"/>
      <line num="3" count="1" type="stmt"/>
      <line num="4" count="1" type="stmt"/>
    </file>
    <file name="numbers.js" path="/Users/serguimorejoncardenas/Documents/dev/test-course/platzi-test/numbers.js">
      <metrics statements="1" coveredstatements="1" conditionals="0" coveredconditionals="0" methods="1" coveredmethods="1"/>
      <line num="1" count="5" type="stmt"/>
    </file>
    <file name="true.js" path="/Users/serguimorejoncardenas/Documents/dev/test-course/platzi-test/true.js">
      <metrics statements="4" coveredstatements="4" conditionals="0" coveredconditionals="0" methods="4" coveredmethods="4"/>
      <line num="1" count="1" type="stmt"/>
      <line num="2" count="1" type="stmt"/>
      <line num="3" count="1" type="stmt"/>
      <line num="4" count="1" type="stmt"/>
    </file>
  </project>
</coverage>
